<?xml version="1.0" encoding="UTF-8"?>
<!-- Generated by org.testng.reporters.JUnitXMLReporter -->
<testsuite hostname="Sadeks-MacBook-Pro.local" ignored="0" name="Default test" tests="3" failures="0" timestamp="18 Sep 2019 07:36:51 GMT" time="44.494" errors="0">
  <testcase name="amazonSearchForMusic" time="8.227" classname="test.AmazonSearchTest"/>
  <testcase name="amazonSearchForMovie" time="8.039" classname="test.AmazonSearchTest"/>
  <testcase name="amazonSearchForCD" time="7.645" classname="test.AmazonSearchTest"/>
</testsuite> <!-- Default test -->
