<?xml version="1.0" encoding="UTF-8"?>
<!-- Generated by org.testng.reporters.JUnitXMLReporter -->
<testsuite hostname="Sadeks-MacBook-Pro.local" ignored="1" name="Test" tests="5" failures="0" timestamp="22 Sep 2019 19:38:49 GMT" time="0.056" errors="0">
  <testcase name="test2" time="0.005" classname="test.PriorityAndSkipTest"/>
  <testcase name="test2" time="0.001" classname="test.Annotation"/>
  <testcase name="test3" time="0.003" classname="test.Annotation"/>
  <testcase name="test4" time="0.001" classname="test.Annotation"/>
  <testcase name="tryCatchTest" time="0.004" classname="test.TryCatch"/>
  <testcase name="dontRun" time="0.0" classname="test.PriorityAndSkipTest">
    <ignored/>
  </testcase> <!-- dontRun -->
</testsuite> <!-- Test -->
