<?xml version="1.0" encoding="UTF-8"?>
<testng-results skipped="0" failed="1" ignored="0" total="3" passed="2">
  <reporter-output>
  </reporter-output>
  <suite name="Default suite" duration-ms="40830" started-at="2019-09-09T08:03:43Z" finished-at="2019-09-09T08:04:24Z">
    <groups>
    </groups>
    <test name="Default test" duration-ms="40830" started-at="2019-09-09T08:03:43Z" finished-at="2019-09-09T08:04:24Z">
      <class name="test.AmazonSearchTest">
        <test-method status="PASS" signature="beforeEachMethod()[pri:0, instance:test.AmazonSearchTest@5c7fa833]" name="beforeEachMethod" is-config="true" duration-ms="6048" started-at="2019-09-09T08:03:43Z" finished-at="2019-09-09T08:03:50Z">
          <reporter-output>
          </reporter-output>
        </test-method> <!-- beforeEachMethod -->
        <test-method status="PASS" signature="amazonSearchForCD()[pri:0, instance:test.AmazonSearchTest@5c7fa833]" name="amazonSearchForCD" duration-ms="5926" started-at="2019-09-09T08:03:50Z" finished-at="2019-09-09T08:03:55Z">
          <reporter-output>
          </reporter-output>
        </test-method> <!-- amazonSearchForCD -->
        <test-method status="PASS" signature="afterEachMethod()[pri:0, instance:test.AmazonSearchTest@5c7fa833]" name="afterEachMethod" is-config="true" duration-ms="1739" started-at="2019-09-09T08:03:55Z" finished-at="2019-09-09T08:03:57Z">
          <reporter-output>
          </reporter-output>
        </test-method> <!-- afterEachMethod -->
        <test-method status="PASS" signature="beforeEachMethod()[pri:0, instance:test.AmazonSearchTest@5c7fa833]" name="beforeEachMethod" is-config="true" duration-ms="5746" started-at="2019-09-09T08:03:57Z" finished-at="2019-09-09T08:04:03Z">
          <reporter-output>
          </reporter-output>
        </test-method> <!-- beforeEachMethod -->
        <test-method status="FAIL" signature="amazonSearchForMovie()[pri:0, instance:test.AmazonSearchTest@5c7fa833]" name="amazonSearchForMovie" duration-ms="2696" started-at="2019-09-09T08:04:03Z" finished-at="2019-09-09T08:04:06Z">
          <exception class="org.openqa.selenium.NoSuchElementException">
            <message>
              <![CDATA[Unable to locate element: //*[@id="search"]/span/h1/div/div[1]/div/div/span[3]
For documentation on this error, please visit: https://www.seleniumhq.org/exceptions/no_such_element.html
Build info: version: '3.141.59', revision: 'e82be7d358', time: '2018-11-14T08:25:48'
System info: host: 'Sadeks-MacBook-Pro.local', ip: '2604:2000:15c1:178:0:0:0:7%en0', os.name: 'Mac OS X', os.arch: 'x86_64', os.version: '10.14.5', java.version: '1.8.0_171'
Driver info: org.openqa.selenium.firefox.FirefoxDriver
Capabilities {acceptInsecureCerts: true, browserName: firefox, browserVersion: 64.0, capabilities: {desiredCapabilities: {acceptInsecureCerts: true, browserName: firefox}}, javascriptEnabled: true, moz:accessibilityChecks: false, moz:headless: false, moz:processID: 2502, moz:profile: /var/folders/34/5xq3fsv12wg..., moz:shutdownTimeout: 60000, moz:useNonSpecCompliantPointerOrigin: false, moz:webdriverClick: true, pageLoadStrategy: normal, platform: MAC, platformName: MAC, platformVersion: 18.6.0, rotatable: false, setWindowRect: true, timeouts: {implicit: 0, pageLoad: 300000, script: 30000}, unhandledPromptBehavior: dismiss and notify}
Session ID: 8bbfc8f3-b380-474c-aed9-aeac8e691cf5
*** Element info: {Using=xpath, value=//*[@id="search"]/span/h1/div/div[1]/div/div/span[3]}]]>
            </message>
            <full-stacktrace>
              <![CDATA[org.openqa.selenium.NoSuchElementException: Unable to locate element: //*[@id="search"]/span/h1/div/div[1]/div/div/span[3]
For documentation on this error, please visit: https://www.seleniumhq.org/exceptions/no_such_element.html
Build info: version: '3.141.59', revision: 'e82be7d358', time: '2018-11-14T08:25:48'
System info: host: 'Sadeks-MacBook-Pro.local', ip: '2604:2000:15c1:178:0:0:0:7%en0', os.name: 'Mac OS X', os.arch: 'x86_64', os.version: '10.14.5', java.version: '1.8.0_171'
Driver info: org.openqa.selenium.firefox.FirefoxDriver
Capabilities {acceptInsecureCerts: true, browserName: firefox, browserVersion: 64.0, capabilities: {desiredCapabilities: {acceptInsecureCerts: true, browserName: firefox}}, javascriptEnabled: true, moz:accessibilityChecks: false, moz:headless: false, moz:processID: 2502, moz:profile: /var/folders/34/5xq3fsv12wg..., moz:shutdownTimeout: 60000, moz:useNonSpecCompliantPointerOrigin: false, moz:webdriverClick: true, pageLoadStrategy: normal, platform: MAC, platformName: MAC, platformVersion: 18.6.0, rotatable: false, setWindowRect: true, timeouts: {implicit: 0, pageLoad: 300000, script: 30000}, unhandledPromptBehavior: dismiss and notify}
Session ID: 8bbfc8f3-b380-474c-aed9-aeac8e691cf5
*** Element info: {Using=xpath, value=//*[@id="search"]/span/h1/div/div[1]/div/div/span[3]}
at sun.reflect.NativeConstructorAccessorImpl.newInstance0(Native Method)
at sun.reflect.NativeConstructorAccessorImpl.newInstance(NativeConstructorAccessorImpl.java:62)
at sun.reflect.DelegatingConstructorAccessorImpl.newInstance(DelegatingConstructorAccessorImpl.java:45)
at java.lang.reflect.Constructor.newInstance(Constructor.java:423)
at org.openqa.selenium.remote.http.W3CHttpResponseCodec.createException(W3CHttpResponseCodec.java:187)
at org.openqa.selenium.remote.http.W3CHttpResponseCodec.decode(W3CHttpResponseCodec.java:122)
at org.openqa.selenium.remote.http.W3CHttpResponseCodec.decode(W3CHttpResponseCodec.java:49)
at org.openqa.selenium.remote.HttpCommandExecutor.execute(HttpCommandExecutor.java:158)
at org.openqa.selenium.remote.service.DriverCommandExecutor.execute(DriverCommandExecutor.java:83)
at org.openqa.selenium.remote.RemoteWebDriver.execute(RemoteWebDriver.java:552)
at org.openqa.selenium.remote.RemoteWebDriver.findElement(RemoteWebDriver.java:323)
at org.openqa.selenium.remote.RemoteWebDriver.findElementByXPath(RemoteWebDriver.java:428)
at org.openqa.selenium.By$ByXPath.findElement(By.java:353)
at org.openqa.selenium.remote.RemoteWebDriver.findElement(RemoteWebDriver.java:315)
at test.AmazonSearchTest.amazonSearchForMovie(AmazonSearchTest.java:61)
at sun.reflect.NativeMethodAccessorImpl.invoke0(Native Method)
at sun.reflect.NativeMethodAccessorImpl.invoke(NativeMethodAccessorImpl.java:62)
at sun.reflect.DelegatingMethodAccessorImpl.invoke(DelegatingMethodAccessorImpl.java:43)
at java.lang.reflect.Method.invoke(Method.java:498)
at org.testng.internal.MethodInvocationHelper.invokeMethod(MethodInvocationHelper.java:124)
at org.testng.internal.Invoker.invokeMethod(Invoker.java:580)
at org.testng.internal.Invoker.invokeTestMethod(Invoker.java:716)
at org.testng.internal.Invoker.invokeTestMethods(Invoker.java:988)
at org.testng.internal.TestMethodWorker.invokeTestMethods(TestMethodWorker.java:125)
at org.testng.internal.TestMethodWorker.run(TestMethodWorker.java:109)
at org.testng.TestRunner.privateRun(TestRunner.java:648)
at org.testng.TestRunner.run(TestRunner.java:505)
at org.testng.SuiteRunner.runTest(SuiteRunner.java:455)
at org.testng.SuiteRunner.runSequentially(SuiteRunner.java:450)
at org.testng.SuiteRunner.privateRun(SuiteRunner.java:415)
at org.testng.SuiteRunner.run(SuiteRunner.java:364)
at org.testng.SuiteRunnerWorker.runSuite(SuiteRunnerWorker.java:52)
at org.testng.SuiteRunnerWorker.run(SuiteRunnerWorker.java:84)
at org.testng.TestNG.runSuitesSequentially(TestNG.java:1208)
at org.testng.TestNG.runSuitesLocally(TestNG.java:1137)
at org.testng.TestNG.runSuites(TestNG.java:1049)
at org.testng.TestNG.run(TestNG.java:1017)
at org.testng.remote.AbstractRemoteTestNG.run(AbstractRemoteTestNG.java:114)
at org.testng.remote.RemoteTestNG.initAndRun(RemoteTestNG.java:251)
at org.testng.remote.RemoteTestNG.main(RemoteTestNG.java:77)
]]>
            </full-stacktrace>
          </exception> <!-- org.openqa.selenium.NoSuchElementException -->
          <reporter-output>
          </reporter-output>
        </test-method> <!-- amazonSearchForMovie -->
        <test-method status="PASS" signature="afterEachMethod()[pri:0, instance:test.AmazonSearchTest@5c7fa833]" name="afterEachMethod" is-config="true" duration-ms="2628" started-at="2019-09-09T08:04:06Z" finished-at="2019-09-09T08:04:08Z">
          <reporter-output>
          </reporter-output>
        </test-method> <!-- afterEachMethod -->
        <test-method status="PASS" signature="beforeEachMethod()[pri:0, instance:test.AmazonSearchTest@5c7fa833]" name="beforeEachMethod" is-config="true" duration-ms="5179" started-at="2019-09-09T08:04:08Z" finished-at="2019-09-09T08:04:13Z">
          <reporter-output>
          </reporter-output>
        </test-method> <!-- beforeEachMethod -->
        <test-method status="PASS" signature="amazonSearchForMusic()[pri:0, instance:test.AmazonSearchTest@5c7fa833]" name="amazonSearchForMusic" duration-ms="10039" started-at="2019-09-09T08:04:13Z" finished-at="2019-09-09T08:04:24Z">
          <reporter-output>
          </reporter-output>
        </test-method> <!-- amazonSearchForMusic -->
        <test-method status="PASS" signature="afterEachMethod()[pri:0, instance:test.AmazonSearchTest@5c7fa833]" name="afterEachMethod" is-config="true" duration-ms="784" started-at="2019-09-09T08:04:24Z" finished-at="2019-09-09T08:04:24Z">
          <reporter-output>
          </reporter-output>
        </test-method> <!-- afterEachMethod -->
      </class> <!-- test.AmazonSearchTest -->
    </test> <!-- Default test -->
  </suite> <!-- Default suite -->
</testng-results>
