<?xml version="1.0" encoding="UTF-8"?>
<testng-results skipped="0" failed="0" ignored="0" total="3" passed="3">
  <reporter-output>
  </reporter-output>
  <suite name="Default suite" duration-ms="47289" started-at="2019-09-09T07:56:54Z" finished-at="2019-09-09T07:57:41Z">
    <groups>
    </groups>
    <test name="Default test" duration-ms="47289" started-at="2019-09-09T07:56:54Z" finished-at="2019-09-09T07:57:41Z">
      <class name="test.AmazonSearchTest">
        <test-method status="PASS" signature="beforeEachMethod()[pri:0, instance:test.AmazonSearchTest@5c7fa833]" name="beforeEachMethod" is-config="true" duration-ms="5691" started-at="2019-09-09T07:56:54Z" finished-at="2019-09-09T07:56:59Z">
          <reporter-output>
          </reporter-output>
        </test-method> <!-- beforeEachMethod -->
        <test-method status="PASS" signature="amazonSearchForCD()[pri:0, instance:test.AmazonSearchTest@5c7fa833]" name="amazonSearchForCD" duration-ms="8041" started-at="2019-09-09T07:56:59Z" finished-at="2019-09-09T07:57:07Z">
          <reporter-output>
          </reporter-output>
        </test-method> <!-- amazonSearchForCD -->
        <test-method status="PASS" signature="afterEachMethod()[pri:0, instance:test.AmazonSearchTest@5c7fa833]" name="afterEachMethod" is-config="true" duration-ms="806" started-at="2019-09-09T07:57:07Z" finished-at="2019-09-09T07:57:08Z">
          <reporter-output>
          </reporter-output>
        </test-method> <!-- afterEachMethod -->
        <test-method status="PASS" signature="beforeEachMethod()[pri:0, instance:test.AmazonSearchTest@5c7fa833]" name="beforeEachMethod" is-config="true" duration-ms="5913" started-at="2019-09-09T07:57:08Z" finished-at="2019-09-09T07:57:14Z">
          <reporter-output>
          </reporter-output>
        </test-method> <!-- beforeEachMethod -->
        <test-method status="PASS" signature="amazonSearchForMovie()[pri:0, instance:test.AmazonSearchTest@5c7fa833]" name="amazonSearchForMovie" duration-ms="10126" started-at="2019-09-09T07:57:14Z" finished-at="2019-09-09T07:57:24Z">
          <reporter-output>
          </reporter-output>
        </test-method> <!-- amazonSearchForMovie -->
        <test-method status="PASS" signature="afterEachMethod()[pri:0, instance:test.AmazonSearchTest@5c7fa833]" name="afterEachMethod" is-config="true" duration-ms="749" started-at="2019-09-09T07:57:24Z" finished-at="2019-09-09T07:57:25Z">
          <reporter-output>
          </reporter-output>
        </test-method> <!-- afterEachMethod -->
        <test-method status="PASS" signature="beforeEachMethod()[pri:0, instance:test.AmazonSearchTest@5c7fa833]" name="beforeEachMethod" is-config="true" duration-ms="8319" started-at="2019-09-09T07:57:25Z" finished-at="2019-09-09T07:57:33Z">
          <reporter-output>
          </reporter-output>
        </test-method> <!-- beforeEachMethod -->
        <test-method status="PASS" signature="amazonSearchForMusic()[pri:0, instance:test.AmazonSearchTest@5c7fa833]" name="amazonSearchForMusic" duration-ms="6906" started-at="2019-09-09T07:57:33Z" finished-at="2019-09-09T07:57:40Z">
          <reporter-output>
          </reporter-output>
        </test-method> <!-- amazonSearchForMusic -->
        <test-method status="PASS" signature="afterEachMethod()[pri:0, instance:test.AmazonSearchTest@5c7fa833]" name="afterEachMethod" is-config="true" duration-ms="709" started-at="2019-09-09T07:57:40Z" finished-at="2019-09-09T07:57:41Z">
          <reporter-output>
          </reporter-output>
        </test-method> <!-- afterEachMethod -->
      </class> <!-- test.AmazonSearchTest -->
    </test> <!-- Default test -->
  </suite> <!-- Default suite -->
</testng-results>
